<?xml version="1.0" encoding="UTF-8"?>
<!-- Generated by org.testng.reporters.JUnitXMLReporter -->
<testsuite hostname="Sunnys" ignored="5" name="Test" tests="2" failures="0" timestamp="2020-06-19T10:36:58 IST" time="0.049" errors="0">
  <testcase name="Validate_Browser_Launch" time="0.008" classname="com.Testcases.Tc_02"/>
  <testcase name="Validate_Browser_Launch" time="0.001" classname="com.Testcases.Tc_04"/>
  <testcase name="Validate_Browser_Launch" time="0.0" classname="com.Testcases.Tc_03">
    <ignored/>
  </testcase> <!-- Validate_Browser_Launch -->
  <testcase name="Log_Out" time="0.0" classname="com.Testcases.Tc_01">
    <ignored/>
  </testcase> <!-- Log_Out -->
  <testcase name="Registartion" time="0.0" classname="com.Testcases.Tc_01">
    <ignored/>
  </testcase> <!-- Registartion -->
  <testcase name="Validate_Browser_Launch" time="0.0" classname="com.Testcases.Tc_01">
    <ignored/>
  </testcase> <!-- Validate_Browser_Launch -->
  <testcase name="Details" time="0.0" classname="com.Testcases.Tc_01">
    <ignored/>
  </testcase> <!-- Details -->
</testsuite> <!-- Test -->
